<?xml version="1.0" encoding="UTF-8"?>
<testsuite hostname="ws-vbalaban" tests="2" failures="1" timestamp="3 Mar 2015 11:43:02 GMT" time="23.405" errors="0">
  <testcase name="createPost" time="14.705" classname="CreatePostTest"/>
  <testcase name="LoginTest" time="0.089" classname="LoginTest">
    <failure type="java.lang.AssertionError" message="Cannot Login To the WordPress Main Page expected:&amp;lt;true&amp;gt; but was:&amp;lt;false&amp;gt;">
      <![CDATA[java.lang.AssertionError: Cannot Login To the WordPress Main Page expected:<true> but was:<false>
	at LoginTest.LoginTest(LoginTest.java:15)
	at org.apache.maven.surefire.testng.TestNGExecutor.run(TestNGExecutor.java:77)
	at org.apache.maven.surefire.testng.TestNGDirectoryTestSuite.executeMulti(TestNGDirectoryTestSuite.java:159)
	at org.apache.maven.surefire.testng.TestNGDirectoryTestSuite.execute(TestNGDirectoryTestSuite.java:99)
	at org.apache.maven.surefire.testng.TestNGProvider.invoke(TestNGProvider.java:106)
	at org.apache.maven.surefire.util.ReflectionUtils.invokeMethodWithArray(ReflectionUtils.java:189)
	at org.apache.maven.surefire.booter.ProviderFactory$ProviderProxy.invoke(ProviderFactory.java:165)
	at org.apache.maven.surefire.booter.ProviderFactory.invokeProvider(ProviderFactory.java:85)
	at org.apache.maven.surefire.booter.ForkedBooter.runSuitesInProcess(ForkedBooter.java:115)
	at org.apache.maven.surefire.booter.ForkedBooter.main(ForkedBooter.java:75)
... Removed 29 stack frames]]>
    </failure>
  </testcase>
</testsuite>
